<?xml version="1.0" encoding="UTF-8"?>
<testng-results ignored="0" total="3" passed="2" failed="1" skipped="0">
  <reporter-output>
  </reporter-output>
  <suite started-at="2023-02-13T11:06:30 IST" name="Default suite" finished-at="2023-02-13T11:08:32 IST" duration-ms="121965">
    <groups>
    </groups>
    <test started-at="2023-02-13T11:06:30 IST" name="Default test" finished-at="2023-02-13T11:08:32 IST" duration-ms="121965">
      <class name="com.amazon.QA.TestCases.Software_ListTC">
        <test-method is-config="true" signature="intalize()[pri:0, instance:com.amazon.QA.TestCases.Software_ListTC@3012646b]" started-at="2023-02-13T11:06:00 IST" name="intalize" finished-at="2023-02-13T11:06:30 IST" duration-ms="30786" status="PASS">
          <reporter-output>
          </reporter-output>
        </test-method> <!-- intalize -->
        <test-method is-config="true" signature="CreateObjects()[pri:0, instance:com.amazon.QA.TestCases.Software_ListTC@3012646b]" started-at="2023-02-13T11:06:31 IST" name="CreateObjects" finished-at="2023-02-13T11:06:31 IST" duration-ms="79" status="PASS">
          <reporter-output>
          </reporter-output>
        </test-method> <!-- CreateObjects -->
        <test-method signature="CreateObjects()[pri:0, instance:com.amazon.QA.TestCases.Software_ListTC@3012646b]" started-at="2023-02-13T11:06:31 IST" name="CreateObjects" finished-at="2023-02-13T11:06:31 IST" duration-ms="31" status="PASS">
          <reporter-output>
          </reporter-output>
        </test-method> <!-- CreateObjects -->
        <test-method is-config="true" signature="CreateObjects()[pri:0, instance:com.amazon.QA.TestCases.Software_ListTC@3012646b]" started-at="2023-02-13T11:06:31 IST" name="CreateObjects" finished-at="2023-02-13T11:06:31 IST" duration-ms="10" status="PASS">
          <reporter-output>
          </reporter-output>
        </test-method> <!-- CreateObjects -->
        <test-method signature="launchurl()[pri:0, instance:com.amazon.QA.TestCases.Software_ListTC@3012646b]" started-at="2023-02-13T11:06:31 IST" name="launchurl" finished-at="2023-02-13T11:08:08 IST" duration-ms="97435" status="FAIL">
          <exception class="java.lang.NullPointerException">
            <full-stacktrace>
              <![CDATA[java.lang.NullPointerException
at com.amazon.QA.PageObject.Launch_Login_PageObjects.Lauchurl(Launch_Login_PageObjects.java:58)
at com.amazon.QA.TestCases.Software_ListTC.launchurl(Software_ListTC.java:28)
at java.base/jdk.internal.reflect.NativeMethodAccessorImpl.invoke0(Native Method)
at java.base/jdk.internal.reflect.NativeMethodAccessorImpl.invoke(NativeMethodAccessorImpl.java:62)
at java.base/jdk.internal.reflect.DelegatingMethodAccessorImpl.invoke(DelegatingMethodAccessorImpl.java:43)
at java.base/java.lang.reflect.Method.invoke(Method.java:566)
at org.testng.internal.MethodInvocationHelper.invokeMethod(MethodInvocationHelper.java:133)
at org.testng.internal.TestInvoker.invokeMethod(TestInvoker.java:598)
at org.testng.internal.TestInvoker.invokeTestMethod(TestInvoker.java:173)
at org.testng.internal.MethodRunner.runInSequence(MethodRunner.java:46)
at org.testng.internal.TestInvoker$MethodInvocationAgent.invoke(TestInvoker.java:824)
at org.testng.internal.TestInvoker.invokeTestMethods(TestInvoker.java:146)
at org.testng.internal.TestMethodWorker.invokeTestMethods(TestMethodWorker.java:146)
at org.testng.internal.TestMethodWorker.run(TestMethodWorker.java:128)
at java.base/java.util.ArrayList.forEach(ArrayList.java:1541)
at org.testng.TestRunner.privateRun(TestRunner.java:794)
at org.testng.TestRunner.run(TestRunner.java:596)
at org.testng.SuiteRunner.runTest(SuiteRunner.java:377)
at org.testng.SuiteRunner.runSequentially(SuiteRunner.java:371)
at org.testng.SuiteRunner.privateRun(SuiteRunner.java:332)
at org.testng.SuiteRunner.run(SuiteRunner.java:276)
at org.testng.SuiteRunnerWorker.runSuite(SuiteRunnerWorker.java:53)
at org.testng.SuiteRunnerWorker.run(SuiteRunnerWorker.java:96)
at org.testng.TestNG.runSuitesSequentially(TestNG.java:1212)
at org.testng.TestNG.runSuitesLocally(TestNG.java:1134)
at org.testng.TestNG.runSuites(TestNG.java:1063)
at org.testng.TestNG.run(TestNG.java:1031)
at org.testng.remote.AbstractRemoteTestNG.run(AbstractRemoteTestNG.java:115)
at org.testng.remote.RemoteTestNG.initAndRun(RemoteTestNG.java:251)
at org.testng.remote.RemoteTestNG.main(RemoteTestNG.java:77)
]]>
            </full-stacktrace>
          </exception> <!-- java.lang.NullPointerException -->
          <reporter-output>
          </reporter-output>
        </test-method> <!-- launchurl -->
        <test-method is-config="true" signature="CreateObjects()[pri:0, instance:com.amazon.QA.TestCases.Software_ListTC@3012646b]" started-at="2023-02-13T11:08:08 IST" name="CreateObjects" finished-at="2023-02-13T11:08:08 IST" duration-ms="3" status="PASS">
          <reporter-output>
          </reporter-output>
        </test-method> <!-- CreateObjects -->
        <test-method signature="listofsoftwares()[pri:0, instance:com.amazon.QA.TestCases.Software_ListTC@3012646b]" started-at="2023-02-13T11:08:08 IST" name="listofsoftwares" finished-at="2023-02-13T11:08:32 IST" duration-ms="24341" status="PASS">
          <reporter-output>
          </reporter-output>
        </test-method> <!-- listofsoftwares -->
        <test-method is-config="true" signature="closingbrowser()[pri:0, instance:com.amazon.QA.TestCases.Software_ListTC@3012646b]" started-at="2023-02-13T11:08:35 IST" name="closingbrowser" finished-at="2023-02-13T11:08:38 IST" duration-ms="3648" status="PASS">
          <reporter-output>
          </reporter-output>
        </test-method> <!-- closingbrowser -->
      </class> <!-- com.amazon.QA.TestCases.Software_ListTC -->
    </test> <!-- Default test -->
  </suite> <!-- Default suite -->
</testng-results>
