<?xml version="1.0" encoding="UTF-8"?>
<!-- Generated by org.testng.reporters.JUnitReportReporter -->
<testsuite hostname="DESKTOP-S9VO5VB" failures="0" tests="4" name="com.amazon.QA.TestCases.LaunchLoginSearchProducts_TC" time="67.632" errors="0" timestamp="2023-02-09T09:33:40 IST" skipped="0">
  <testcase classname="com.amazon.QA.TestCases.LaunchLoginSearchProducts_TC" name="CreateObjects" time="0.007"/>
  <system-out/>
  <testcase classname="com.amazon.QA.TestCases.LaunchLoginSearchProducts_TC" name="intalize" time="12.046"/>
  <system-out/>
  <testcase classname="com.amazon.QA.TestCases.LaunchLoginSearchProducts_TC" name="launchLogin" time="21.160"/>
  <system-out/>
  <testcase classname="com.amazon.QA.TestCases.LaunchLoginSearchProducts_TC" name="loginpage" time="34.419"/>
  <system-out/>
</testsuite> <!-- com.amazon.QA.TestCases.LaunchLoginSearchProducts_TC -->
