<?xml version="1.0" encoding="UTF-8"?>
<!-- Generated by org.testng.reporters.JUnitXMLReporter -->
<testsuite ignored="2" hostname="DESKTOP-S9VO5VB" failures="2" tests="12" name="Test" time="173.36" errors="0" timestamp="2023-02-09T09:33:40 IST">
  <testcase classname="com.amazon.QA.BaseClass.BaseClass" name="intalize" time="11.691"/>
  <testcase classname="com.amazon.QA.TestCases.LaunchLoginSearchProducts_TC" name="CreateObjects" time="0.004"/>
  <testcase classname="com.amazon.QA.BaseClass.BaseClass" name="intalize" time="12.044"/>
  <testcase classname="com.amazon.QA.TestCases.LaunchLoginSearchProducts_TC" name="launchLogin" time="21.158"/>
  <testcase classname="com.amazon.QA.TestCases.LaunchLoginSearchProducts_TC" name="loginpage" time="34.198"/>
  <testcase classname="com.amazon.QA.TestCases.SoftwareHomePageTC" name="CreateObjects" time="0.003"/>
  <testcase classname="com.amazon.QA.BaseClass.BaseClass" name="intalize" time="23.618"/>
  <testcase classname="com.amazon.QA.TestCases.SoftwareHomePageTC" name="lauchandloginmethod" time="43.956"/>
  <testcase classname="com.amazon.QA.TestCases.SoftwareHomePageTC" name="searchItemForValidInputforSoftwarepage" time="9.141"/>
  <testcase classname="com.amazon.QA.TestCases.SoftwareHomePageTC" name="searchItemForValidInputforSoftwarepage" time="8.275"/>
  <testcase classname="com.amazon.QA.TestCases.SoftwareHomePageTC" name="searchforinvaildInputforSoftwarepage" time="4.589">
    <failure type="java.lang.AssertionError" message="The following asserts failed:
	 Test Case Failed For Invalid Input No results for expected [Pass] but found [Fail]">
      <![CDATA[java.lang.AssertionError: The following asserts failed:
 Test Case Failed For Invalid Input No results for expected [Pass] but found [Fail]
at com.amazon.QA.Util.StaticReUseMethods.raiseAssertForDataInSearchBox(StaticReUseMethods.java:72)
at com.amazon.QA.PageObject.SoftwareHomePagePageObjects.invailddataforsoftware(SoftwareHomePagePageObjects.java:73)
at com.amazon.QA.TestCases.SoftwareHomePageTC.searchforinvaildInputforSoftwarepage(SoftwareHomePageTC.java:42)
at java.base/java.util.ArrayList.forEach(ArrayList.java:1541)
... Removed 29 stack frames]]>
    </failure>
  </testcase> <!-- searchforinvaildInputforSoftwarepage -->
  <testcase classname="com.amazon.QA.TestCases.SoftwareHomePageTC" name="searchforinvaildInputforSoftwarepage" time="3.903">
    <failure type="java.lang.AssertionError" message="The following asserts failed:
	 Test Case Failed For Invalid Input No results for expected [Pass] but found [Fail]">
      <![CDATA[java.lang.AssertionError: The following asserts failed:
 Test Case Failed For Invalid Input No results for expected [Pass] but found [Fail]
at com.amazon.QA.Util.StaticReUseMethods.raiseAssertForDataInSearchBox(StaticReUseMethods.java:72)
at com.amazon.QA.PageObject.SoftwareHomePagePageObjects.invailddataforsoftware(SoftwareHomePagePageObjects.java:73)
at com.amazon.QA.TestCases.SoftwareHomePageTC.searchforinvaildInputforSoftwarepage(SoftwareHomePageTC.java:42)
at java.base/java.util.ArrayList.forEach(ArrayList.java:1541)
... Removed 29 stack frames]]>
    </failure>
  </testcase> <!-- searchforinvaildInputforSoftwarepage -->
  <testcase classname="com.amazon.QA.BaseClass.BaseClass" name="@AfterSuite closingbrowser" time="0.0">
    <ignored/>
  </testcase> <!-- @AfterSuite closingbrowser -->
  <testcase classname="com.amazon.QA.BaseClass.BaseClass" name="@AfterSuite closingbrowser" time="0.0">
    <ignored/>
  </testcase> <!-- @AfterSuite closingbrowser -->
</testsuite> <!-- Test -->
